<?xml version="1.0" encoding="UTF-8"?>
<!-- Generated by org.testng.reporters.JUnitReportReporter -->
<testsuite hostname="Lenovo-PC" name="Test.Test01" tests="1" failures="0" timestamp="12 Nov 2019 12:21:10 GMT" time="38.305" errors="0">
  <testcase name="f" time="38.305" classname="Test.Test01"/>
</testsuite> <!-- Test.Test01 -->
